[23516:1] 2026-03-31 12:15:41.585 [0x5F04(3) InitializeLog] [SET_LOGPATH] %programdata%\Geni\Insights\logs\cmon.cmd.exe.log
[23516:1] 2026-03-31 12:15:41.590 [0x5F04(0) CxCommonApi::LogModuleInfo] [MODULE LOADING] ModuleName cmon64.dll, Version [2.0.0.1], ModulePath C:\Program Files\Geni\Insights\temp\cmon64.dll ModifiedTime 2023-12-13 13:06:32
[23516:1] 2026-03-31 12:15:41.590 [0x5F04(183) CxConsoleMonitor::Initialize] [Initialize]
[23516:1] 2026-03-31 12:15:41.590 [0x5F04(183) CxSensorPipeClient::Initialize] [Initialize]
[23516:1] 2026-03-31 12:15:41.590 [0x5F04(0) CxThreadPool::Initialize] Queue init : OutputQue 0, nThreadPoolSize : 1
[23516:1] 2026-03-31 12:15:41.590 [0x5F04(183) CxThreadPool::CreateThreadPool] Create 1 WorkerThread
[23516:1] 2026-03-31 12:15:41.599 [0x5F04(183) CxConsoleMonitor::InstallHook] [InstallHook]
[23516:1] 2026-03-31 12:15:41.601 [0x5F04(126) CxConsoleMonitor::xGetProcAddress] [GET_PROC_ADDR] ReadConsoleW from kernelbase.dll
[23516:1] 2026-03-31 12:15:41.604 [0x5F04(183) CxConsoleMonitor::InstallHook] [INSTALL_HOOK] ReadConsoleW : cmd.exe:23516
[23516:1] 2026-03-31 12:15:41.606 [0x5F04(183) CxConsoleMonitor::xGetProcAddress] [GET_PROC_ADDR] ReadConsoleInputW from kernelbase.dll
[23516:1] 2026-03-31 12:15:41.608 [0x5F04(183) CxConsoleMonitor::InstallHook] [INSTALL_HOOK] RealReadConsoleInputW : cmd.exe:23516
[23516:1] 2026-03-31 12:15:41.610 [0x5F04(183) CxConsoleMonitor::InstallHook] [SUCCESS]
[23516:1] 2026-03-31 12:15:41.610 [0x5F04(183) CxConsoleMonitor::GetCmonProfileInfo] [REQ_CMON_PROFILE] 
[23516:1] 2026-03-31 12:15:41.610 [0x5F04(0) CxConsoleMonitor::Initialize] [/Initialize] SUCCESS
[23516:1] 2026-03-31 12:15:41.615 [0x5F4C(0) CxThreadPool::ThreadEntry] Worker Thread begins
[23516:1] 2026-03-31 12:15:41.624 [0x5F4C(1) CxSensorPipeClient::SendJson] [SEND][ReqType:4] {
   "PID" : 23516,
   "ProcPath" : "C:\\WINDOWS\\system32\\cmd.exe",
   "ReqType" : "xSensorRequestType_GetCmonProfile"
}

[23516:1] 2026-03-31 12:15:41.628 [0x5F4C(183) CxSensorPipeClient::SendJson] [RECV] {
   "MaxConsoleInputLength" : 200
}

[23516:1] 2026-03-31 12:15:41.628 [0x5F4C(183) CxConsoleMonitor::PipeResponseCallback] [RES_CALLBACK]
[23516:1] 2026-03-31 12:15:41.632 [0x5F4C(183) CxConsoleMonitor::PipeResponseCallback] [CMON_PROFILE] MaxConsoleInputLength : 200
[23516:1] 2026-03-31 12:15:41.888 [0x5F04(126) CxConsoleMonitor::Uninitialize] [Uninitialize]
[23516:1] 2026-03-31 12:15:41.897 [0x5F04(183) CxSensorPipeClient::Uninitialize] [Uninitialize]
[23516:1] 2026-03-31 12:15:41.897 [0x5F04(183) CxSensorPipeClient::Uninitialize] [/Uninitialize]
[23516:1] 2026-03-31 12:15:41.897 [0x5F04(183) CxConsoleMonitor::Uninitialize] [/Uninitialize] SUCCESS
